<?xml version="1.0" encoding="UTF-8"?>
<!-- Generated by org.testng.reporters.JUnitReportReporter -->
<testsuite hostname="DESKTOP-HT6A4S5" failures="0" tests="1" name="tests.Login" time="5.072" errors="0" timestamp="2022-04-06T13:11:54 EET" skipped="0">
  <testcase classname="tests.Login" name="invokedBrowser" time="5.072"/>
  <system-out/>
</testsuite> <!-- tests.Login -->
