<?xml version="1.0" encoding="UTF-8"?>
<!-- Generated by org.testng.reporters.JUnitReportReporter -->
<testsuite hostname="DESKTOP-HT6A4S5" failures="0" tests="1" name="tests.Signuptest" time="1.034" errors="0" timestamp="2022-04-06T19:21:45 EET" skipped="0">
  <testcase classname="tests.Signuptest" name="signup" time="1.034"/>
  <system-out/>
</testsuite> <!-- tests.Signuptest -->
